2018.09.16_17:00:42 EVENT starting_controller
2018.09.16_17:01:42 EVENT normal_sensor_sampling_rate
2018.09.16_17:03:28 EVENT starting_controller
2018.09.16_17:04:28 EVENT normal_sensor_sampling_rate
2018.09.16_17:05:02 EVENT starting_controller
2018.09.16_17:06:11 EVENT normal_sensor_sampling_rate
2018.09.16_17:09:18 EVENT starting_controller
2018.09.16_17:30:20 EVENT normal_sensor_sampling_rate
2018.09.16_17:34:43 EVENT starting_controller
2018.09.16_17:39:12 EVENT normal_sensor_sampling_rate
2018.09.17_14:47:38 EVENT starting_controller
2018.09.17_14:47:38 EVENT starting_controller
2018.09.17_14:48:38 EVENT normal_sensor_sampling_rate
2018.09.21_06:17:10 EVENT starting_controller
2018.09.21_07:05:22 EVENT normal_sensor_sampling_rate
2018.09.22_10:17:11 EVENT starting_controller
2018.09.22_11:05:16 EVENT normal_sensor_sampling_rate
2018.09.22_12:17:11 EVENT starting_controller
2018.09.22_12:19:14 EVENT normal_sensor_sampling_rate
2018.09.23_15:00:41 EVENT starting_controller
2018.09.23_15:02:42 EVENT increase_sensor_sampling_rate
2018.09.23_15:02:50 EVENT turned_on_pump
2018.09.23_15:03:24 EVENT turning_off_pump
2018.09.23_15:03:34 EVENT base_sensor_sampling_rate
2018.09.23_15:03:34 EVENT waiting_7200_seconds
2018.09.23_15:09:57 EVENT starting_controller
2018.09.23_15:11:58 EVENT increase_sensor_sampling_rate
2018.09.23_15:12:06 EVENT turned_on_pump
2018.09.23_15:12:40 EVENT last_watched_sample_0_C
2018.09.23_15:12:40 EVENT turning_off_pump
2018.09.23_15:12:50 EVENT base_sensor_sampling_rate
2018.09.23_15:12:50 EVENT waiting_7200_seconds
2018.09.23_15:24:25 EVENT starting_controller
2018.09.23_15:26:26 EVENT increase_sensor_sampling_rate
2018.09.23_15:26:34 EVENT turned_on_pump
2018.09.23_15:36:01 EVENT starting_controller
2018.09.23_15:38:02 EVENT increase_sensor_sampling_rate
2018.09.23_15:38:10 EVENT turned_on_pump
2018.09.23_15:38:44 EVENT last_watched_sample_32.8125_C
2018.09.23_15:38:44 EVENT turning_off_pump
2018.09.23_15:38:54 EVENT base_sensor_sampling_rate
2018.09.23_15:38:54 EVENT waiting_7200_seconds
2018.09.23_16:33:20 EVENT starting_controller
2018.09.23_16:35:21 EVENT increase_sensor_sampling_rate
2018.09.23_16:35:29 EVENT turned_on_pump
2018.09.23_16:36:03 EVENT last_watched_sample_33.3125_C
2018.09.23_16:36:03 EVENT turning_off_pump
2018.09.23_16:36:13 EVENT base_sensor_sampling_rate
2018.09.23_16:36:13 EVENT waiting_7200_seconds
2018.09.23_16:36:58 EVENT starting_controller
2018.09.23_16:38:59 EVENT increase_sensor_sampling_rate
2018.09.23_16:39:07 EVENT turned_on_pump
2018.09.23_16:39:41 EVENT last_watched_sample_33.3125_C
2018.09.23_16:39:41 EVENT turning_off_pump
2018.09.23_16:39:51 EVENT base_sensor_sampling_rate
2018.09.23_16:39:51 EVENT waiting_7200_seconds
2018.09.23_16:45:45 EVENT starting_controller
2018.09.23_16:47:46 EVENT increase_sensor_sampling_rate
2018.09.23_16:47:54 EVENT turned_on_pump
2018.09.23_16:48:28 EVENT last_watched_sample_33.6875_C
2018.09.23_16:48:28 EVENT turning_off_pump
2018.09.23_16:48:38 EVENT base_sensor_sampling_rate
2018.09.23_16:48:38 EVENT waiting_7200_seconds
